<?xml version="1.0" encoding="UTF-8"?>
<!-- Generated by org.testng.reporters.JUnitReportReporter -->
<testsuite skipped="1" hostname="maashree-PC" name="TestPage.AddCustomerTest" tests="2" failures="0" timestamp="02 Feb 2020 07:24:56 GMT" time="28.750" errors="1">
  <testcase name="Addcustomer" time="0.000" classname="TestPage.AddCustomerTest">
    <skipped/>
  </testcase> <!-- Addcustomer -->
  <testcase name="setup" time="28.750" classname="TestPage.AddCustomerTest">
    <error type="org.openqa.selenium.SessionNotCreatedException" message="session not created: This version of ChromeDriver only supports Chrome version 77
Build info: version: &#039;3.141.59&#039;, revision: &#039;e82be7d358&#039;, time: &#039;2018-11-14T08:17:03&#039;
System info: host: &#039;MAASHREE-PC&#039;, ip: &#039;192.168.1.41&#039;, os.name: &#039;Windows 7&#039;, os.arch: &#039;x86&#039;, os.version: &#039;6.1&#039;, java.version: &#039;1.8.0_181&#039;
Driver info: driver.version: ChromeDriver
remote stacktrace: Backtrace:
	Ordinal0 [0x0101EB13+1501971]
	Ordinal0 [0x00F9F6D1+980689]
	Ordinal0 [0x00F2765F+489055]
	Ordinal0 [0x00EBF2F4+62196]
	Ordinal0 [0x00EBBCDA+48346]
	Ordinal0 [0x00ED9800+169984]
	Ordinal0 [0x00ED942D+169005]
	Ordinal0 [0x00ED78EB+162027]
	Ordinal0 [0x00EC0AC7+68295]
	Ordinal0 [0x00EC1B40+72512]
	Ordinal0 [0x00EC1AD9+72409]
	Ordinal0 [0x00FB8F37+1085239]
	GetHandleVerifier [0x010BD7ED+503293]
	GetHandleVerifier [0x010BD580+502672]
	GetHandleVerifier [0x010C46AC+531644]
	GetHandleVerifier [0x010BDFFA+505354]
	Ordinal0 [0x00FB0606+1050118]
	Ordinal0 [0x00FB047F+1049727]
	Ordinal0 [0x00FBAF9B+1093531]
	Ordinal0 [0x00FBB103+1093891]
	Ordinal0 [0x00FBA095+1089685]
	BaseThreadInitThunk [0x77133C45+18]
	RtlInitializeExceptionChain [0x76FF37F5+239]
	RtlInitializeExceptionChain [0x76FF37C8+194]
">
      <![CDATA[org.openqa.selenium.SessionNotCreatedException: session not created: This version of ChromeDriver only supports Chrome version 77
Build info: version: '3.141.59', revision: 'e82be7d358', time: '2018-11-14T08:17:03'
System info: host: 'MAASHREE-PC', ip: '192.168.1.41', os.name: 'Windows 7', os.arch: 'x86', os.version: '6.1', java.version: '1.8.0_181'
Driver info: driver.version: ChromeDriver
remote stacktrace: Backtrace:
Ordinal0 [0x0101EB13+1501971]
Ordinal0 [0x00F9F6D1+980689]
Ordinal0 [0x00F2765F+489055]
Ordinal0 [0x00EBF2F4+62196]
Ordinal0 [0x00EBBCDA+48346]
Ordinal0 [0x00ED9800+169984]
Ordinal0 [0x00ED942D+169005]
Ordinal0 [0x00ED78EB+162027]
Ordinal0 [0x00EC0AC7+68295]
Ordinal0 [0x00EC1B40+72512]
Ordinal0 [0x00EC1AD9+72409]
Ordinal0 [0x00FB8F37+1085239]
GetHandleVerifier [0x010BD7ED+503293]
GetHandleVerifier [0x010BD580+502672]
GetHandleVerifier [0x010C46AC+531644]
GetHandleVerifier [0x010BDFFA+505354]
Ordinal0 [0x00FB0606+1050118]
Ordinal0 [0x00FB047F+1049727]
Ordinal0 [0x00FBAF9B+1093531]
Ordinal0 [0x00FBB103+1093891]
Ordinal0 [0x00FBA095+1089685]
BaseThreadInitThunk [0x77133C45+18]
RtlInitializeExceptionChain [0x76FF37F5+239]
RtlInitializeExceptionChain [0x76FF37C8+194]

at sun.reflect.NativeConstructorAccessorImpl.newInstance0(Native Method)
at sun.reflect.NativeConstructorAccessorImpl.newInstance(Unknown Source)
at sun.reflect.DelegatingConstructorAccessorImpl.newInstance(Unknown Source)
at java.lang.reflect.Constructor.newInstance(Unknown Source)
at org.openqa.selenium.remote.W3CHandshakeResponse.lambda$errorHandler$0(W3CHandshakeResponse.java:62)
at org.openqa.selenium.remote.HandshakeResponse.lambda$getResponseFunction$0(HandshakeResponse.java:30)
at org.openqa.selenium.remote.ProtocolHandshake.lambda$createSession$0(ProtocolHandshake.java:126)
at java.util.stream.ReferencePipeline$3$1.accept(Unknown Source)
at java.util.Spliterators$ArraySpliterator.tryAdvance(Unknown Source)
at java.util.stream.ReferencePipeline.forEachWithCancel(Unknown Source)
at java.util.stream.AbstractPipeline.copyIntoWithCancel(Unknown Source)
at java.util.stream.AbstractPipeline.copyInto(Unknown Source)
at java.util.stream.AbstractPipeline.wrapAndCopyInto(Unknown Source)
at java.util.stream.FindOps$FindOp.evaluateSequential(Unknown Source)
at java.util.stream.AbstractPipeline.evaluate(Unknown Source)
at java.util.stream.ReferencePipeline.findFirst(Unknown Source)
at org.openqa.selenium.remote.ProtocolHandshake.createSession(ProtocolHandshake.java:128)
at org.openqa.selenium.remote.ProtocolHandshake.createSession(ProtocolHandshake.java:74)
at org.openqa.selenium.remote.HttpCommandExecutor.execute(HttpCommandExecutor.java:136)
at org.openqa.selenium.remote.service.DriverCommandExecutor.execute(DriverCommandExecutor.java:83)
at org.openqa.selenium.remote.RemoteWebDriver.execute(RemoteWebDriver.java:552)
at org.openqa.selenium.remote.RemoteWebDriver.startSession(RemoteWebDriver.java:213)
at org.openqa.selenium.remote.RemoteWebDriver.<init>(RemoteWebDriver.java:131)
at org.openqa.selenium.chrome.ChromeDriver.<init>(ChromeDriver.java:181)
at org.openqa.selenium.chrome.ChromeDriver.<init>(ChromeDriver.java:168)
at org.openqa.selenium.chrome.ChromeDriver.<init>(ChromeDriver.java:123)
at Base.TestBase.initilization(TestBase.java:42)
at TestPage.AddCustomerTest.setup(AddCustomerTest.java:26)
at sun.reflect.NativeMethodAccessorImpl.invoke0(Native Method)
at sun.reflect.NativeMethodAccessorImpl.invoke(Unknown Source)
at sun.reflect.DelegatingMethodAccessorImpl.invoke(Unknown Source)
at java.lang.reflect.Method.invoke(Unknown Source)
at org.testng.internal.MethodInvocationHelper.invokeMethod(MethodInvocationHelper.java:124)
at org.testng.internal.MethodInvocationHelper.invokeMethodConsideringTimeout(MethodInvocationHelper.java:59)
at org.testng.internal.Invoker.invokeConfigurationMethod(Invoker.java:458)
at org.testng.internal.Invoker.invokeConfigurations(Invoker.java:222)
at org.testng.internal.Invoker.invokeConfigurations(Invoker.java:142)
at org.testng.internal.TestMethodWorker.invokeBeforeClassMethods(TestMethodWorker.java:168)
at org.testng.internal.TestMethodWorker.run(TestMethodWorker.java:105)
at org.testng.TestRunner.privateRun(TestRunner.java:648)
at org.testng.TestRunner.run(TestRunner.java:505)
at org.testng.SuiteRunner.runTest(SuiteRunner.java:455)
at org.testng.SuiteRunner.runSequentially(SuiteRunner.java:450)
at org.testng.SuiteRunner.privateRun(SuiteRunner.java:415)
at org.testng.SuiteRunner.run(SuiteRunner.java:364)
at org.testng.SuiteRunnerWorker.runSuite(SuiteRunnerWorker.java:52)
at org.testng.SuiteRunnerWorker.run(SuiteRunnerWorker.java:84)
at org.testng.TestNG.runSuitesSequentially(TestNG.java:1208)
at org.testng.TestNG.runSuitesLocally(TestNG.java:1137)
at org.testng.TestNG.runSuites(TestNG.java:1049)
at org.testng.TestNG.run(TestNG.java:1017)
at org.testng.remote.AbstractRemoteTestNG.run(AbstractRemoteTestNG.java:114)
at org.testng.remote.RemoteTestNG.initAndRun(RemoteTestNG.java:251)
at org.testng.remote.RemoteTestNG.main(RemoteTestNG.java:77)
]]>
    </error>
  </testcase> <!-- setup -->
</testsuite> <!-- TestPage.AddCustomerTest -->
